#
# A fatal error has been detected by the Java Runtime Environment:
#
#  SIGBUS (0xa) at pc=0x00007fff8fff70a5, pid=18983, tid=22531
#
# JRE version: Java(TM) SE Runtime Environment (7.0_65-b17) (build 1.7.0_65-b17)
# Java VM: Java HotSpot(TM) 64-Bit Server VM (24.65-b04 mixed mode bsd-amd64 compressed oops)
# Problematic frame:
# C  [libsystem_platform.dylib+0x40a5]  _platform_memmove$VARIANT$Nehalem+0xc5
#
# Failed to write core dump. Core dumps have been disabled. To enable core dumping, try "ulimit -c unlimited" before starting Java again
#
# If you would like to submit a bug report, please visit:
#   http://bugreport.sun.com/bugreport/crash.jsp
# The crash happened outside the Java Virtual Machine in native code.
# See problematic frame for where to report the bug.
#

---------------  T H R E A D  ---------------

Current thread (0x00007fb0a88ee000):  JavaThread "Thread-2" [_thread_in_native, id=22531, stack(0x0000000113794000,0x0000000113894000)]

siginfo:si_signo=SIGBUS: si_errno=0, si_code=2 (BUS_ADRERR), si_addr=0x000000011348a000

Registers:
RAX=0x00007fb0aa0d6002, RBX=0x000000011347e5b9, RCX=0x000000000000000e, RDX=0x0000000000000c96
RSP=0x0000000113891270, RBP=0x0000000113891270, RSI=0x0000000113489fe7, RDI=0x00007fb0aa0db890
R8 =0x0000000000000000, R9 =0x0000000000000046, R10=0x0000000000008c00, R11=0x00007faf96c518a9
R12=0x00000000664f2f6e, R13=0x00000000014b5073, R14=0x0000000054726566, R15=0x0000000000006564
RIP=0x00007fff8fff70a5, EFLAGS=0x0000000000010206, ERR=0x0000000000000004
  TRAPNO=0x000000000000000e

Top of Stack: (sp=0x0000000113891270)
0x0000000113891270:   00000001138912e0 000000010a7e927d
0x0000000113891280:   00000064138916d0 0000000000000065
0x0000000113891290:   0000000000006150 00007fb0aa0cfe00
0x00000001138912a0:   0000000000006172 00007fb0a8703780
0x00000001138912b0:   00007fb0a870c240 00000000a3375806
0x00000001138912c0:   00000000000015b0 00007fb0aa00ca00
0x00000001138912d0:   00007fb0a8703780 00007fb0a870a210
0x00000001138912e0:   0000000113891330 000000010a7e9725
0x00000001138912f0:   0000000000000029 00000029a88ee000
0x0000000113891300:   000000011389134e 0000000113891818
0x0000000113891310:   0000000000000029 000000011389134e
0x0000000113891320:   00007fb0a8703780 00007fb0a88ee1e8
0x0000000113891330:   0000000113891780 000000010a7e8570
0x0000000113891340:   00000000fffffffc 6873000000000001
0x0000000113891350:   6d6f632f64657261 69746163696e756d
0x0000000113891360:   6e69676f4c2f6e6f 6172615072657355
0x0000000113891370:   007373616c632e6d 0000000100000000
0x0000000113891380:   0000000100000000 0000000100000000
0x0000000113891390:   0000000100000000 0000000100000000
0x00000001138913a0:   0000000100000000 0000000100000000
0x00000001138913b0:   0000000100000000 0000000100000000
0x00000001138913c0:   0000000100000000 0000000100000000
0x00000001138913d0:   0000000113891970 0000000000000000
0x00000001138913e0:   0000000100000000 00000007fffffffb
0x00000001138913f0:   0000000000000001 0000000000000001
0x0000000113891400:   000000010b559c18 0000000000000001
0x0000000113891410:   00007fb0a85163ac 0000000000000000
0x0000000113891420:   0000000100000bb0 00007fff9049b8c0
0x0000000113891430:   0000000000000000 0000000000000001
0x0000000113891440:   0000007b00000001 0000000000000000
0x0000000113891450:   0000000000000004 0000000400000002
0x0000000113891460:   000000010b559c01 0000000113891bc8 

Instructions: (pc=0x00007fff8fff70a5)
0x00007fff8fff7085:   6a 48 f7 c6 0f 00 00 00 74 31 0f 29 0f 0f 29 57
0x00007fff8fff7095:   10 0f 29 5f 20 0f 29 67 30 48 83 c7 40 0f 10 0e
0x00007fff8fff70a5:   0f 10 56 10 0f 10 5e 20 0f 10 66 30 48 83 c6 40
0x00007fff8fff70b5:   48 83 ea 40 77 d4 eb 33 0f 1f 00 0f 29 0f 0f 29 

Register to memory mapping:

RAX=0x00007fb0aa0d6002 is an unknown value
RBX=0x000000011347e5b9 is an unknown value
RCX=0x000000000000000e is an unknown value
RDX=0x0000000000000c96 is an unknown value
RSP=0x0000000113891270 is pointing into the stack for thread: 0x00007fb0a88ee000
RBP=0x0000000113891270 is pointing into the stack for thread: 0x00007fb0a88ee000
RSI=0x0000000113489fe7 is an unknown value
RDI=0x00007fb0aa0db890 is an unknown value
R8 =0x0000000000000000 is an unknown value
R9 =0x0000000000000046 is an unknown value
R10=0x0000000000008c00 is an unknown value
R11=0x00007faf96c518a9 is an unknown value
R12=0x00000000664f2f6e is an unknown value
R13=0x00000000014b5073 is an unknown value
R14=0x0000000054726566 is an unknown value
R15=0x0000000000006564 is an unknown value


Stack: [0x0000000113794000,0x0000000113894000],  sp=0x0000000113891270,  free space=1012k
Native frames: (J=compiled Java code, j=interpreted, Vv=VM code, C=native code)
C  [libsystem_platform.dylib+0x40a5]  _platform_memmove$VARIANT$Nehalem+0xc5
C  [libzip.dylib+0x327d]  newEntry+0x31a
C  [libzip.dylib+0x3725]  ZIP_GetEntry+0xa2
C  [libzip.dylib+0x2570]  Java_java_util_zip_ZipFile_getEntry+0xdd
j  java.util.zip.ZipFile.getEntry(J[BZ)J+0
j  java.util.zip.ZipFile.getEntry(Ljava/lang/String;)Ljava/util/zip/ZipEntry;+38
j  java.util.jar.JarFile.getEntry(Ljava/lang/String;)Ljava/util/zip/ZipEntry;+2
j  java.util.jar.JarFile.getJarEntry(Ljava/lang/String;)Ljava/util/jar/JarEntry;+2
j  sun.misc.URLClassPath$JarLoader.getResource(Ljava/lang/String;Z)Lsun/misc/Resource;+48
j  sun.misc.URLClassPath.getResource(Ljava/lang/String;Z)Lsun/misc/Resource;+53
j  java.net.URLClassLoader$1.run()Ljava/lang/Class;+26
j  java.net.URLClassLoader$1.run()Ljava/lang/Object;+1
v  ~StubRoutines::call_stub
V  [libjvm.dylib+0x2daef8]
V  [libjvm.dylib+0x2dacc8]
V  [libjvm.dylib+0x32e498]
j  java.security.AccessController.doPrivileged(Ljava/security/PrivilegedExceptionAction;Ljava/security/AccessControlContext;)Ljava/lang/Object;+0
j  java.net.URLClassLoader.findClass(Ljava/lang/String;)Ljava/lang/Class;+13
j  java.lang.ClassLoader.loadClass(Ljava/lang/String;Z)Ljava/lang/Class;+70
j  sun.misc.Launcher$AppClassLoader.loadClass(Ljava/lang/String;Z)Ljava/lang/Class;+36
j  java.lang.ClassLoader.loadClass(Ljava/lang/String;)Ljava/lang/Class;+3
v  ~StubRoutines::call_stub
V  [libjvm.dylib+0x2daef8]
V  [libjvm.dylib+0x2db40f]
V  [libjvm.dylib+0x2db4f8]
V  [libjvm.dylib+0x4c94e6]
V  [libjvm.dylib+0x4c8e52]
V  [libjvm.dylib+0x4c972a]
V  [libjvm.dylib+0x4c9b5b]
V  [libjvm.dylib+0x1e955a]
V  [libjvm.dylib+0x2d73d0]
j  server.UserHandler.handle(Ljava/lang/String;Ljava/lang/Object;)Lshared/communication/ServerResponse;+57
J 335 C2 server.ServerController.handleCommand(Ljava/lang/String;Ljava/lang/Object;Lshared/communication/CookieObject;)Lshared/communication/ServerResponse; (72 bytes) @ 0x000000010bca5398 [0x000000010bca5260+0x138]
j  server.main.CatanServer$1.handle(Lcom/sun/net/httpserver/HttpExchange;)V+43
j  com.sun.net.httpserver.Filter$Chain.doFilter(Lcom/sun/net/httpserver/HttpExchange;)V+17
j  sun.net.httpserver.AuthFilter.doFilter(Lcom/sun/net/httpserver/HttpExchange;Lcom/sun/net/httpserver/Filter$Chain;)V+121
j  com.sun.net.httpserver.Filter$Chain.doFilter(Lcom/sun/net/httpserver/HttpExchange;)V+41
j  sun.net.httpserver.ServerImpl$Exchange$LinkHandler.handle(Lcom/sun/net/httpserver/HttpExchange;)V+5
j  com.sun.net.httpserver.Filter$Chain.doFilter(Lcom/sun/net/httpserver/HttpExchange;)V+17
j  sun.net.httpserver.ServerImpl$Exchange.run()V+903
j  sun.net.httpserver.ServerImpl$DefaultExecutor.execute(Ljava/lang/Runnable;)V+1
J 349% C2 sun.net.httpserver.ServerImpl$Dispatcher.run()V (545 bytes) @ 0x000000010bcc7d64 [0x000000010bcc74e0+0x884]
j  java.lang.Thread.run()V+11
v  ~StubRoutines::call_stub
V  [libjvm.dylib+0x2daef8]
V  [libjvm.dylib+0x2db40f]
V  [libjvm.dylib+0x2db54c]
V  [libjvm.dylib+0x32a41e]
V  [libjvm.dylib+0x4f5855]
V  [libjvm.dylib+0x4f6f5d]
V  [libjvm.dylib+0x420772]
C  [libsystem_pthread.dylib+0x1899]  _pthread_body+0x8a
C  [libsystem_pthread.dylib+0x172a]  _pthread_struct_init+0x0
C  [libsystem_pthread.dylib+0x5fc9]  thread_start+0xd

Java frames: (J=compiled Java code, j=interpreted, Vv=VM code)
j  java.util.zip.ZipFile.getEntry(J[BZ)J+0
j  java.util.zip.ZipFile.getEntry(Ljava/lang/String;)Ljava/util/zip/ZipEntry;+38
j  java.util.jar.JarFile.getEntry(Ljava/lang/String;)Ljava/util/zip/ZipEntry;+2
j  java.util.jar.JarFile.getJarEntry(Ljava/lang/String;)Ljava/util/jar/JarEntry;+2
j  sun.misc.URLClassPath$JarLoader.getResource(Ljava/lang/String;Z)Lsun/misc/Resource;+48
j  sun.misc.URLClassPath.getResource(Ljava/lang/String;Z)Lsun/misc/Resource;+53
j  java.net.URLClassLoader$1.run()Ljava/lang/Class;+26
j  java.net.URLClassLoader$1.run()Ljava/lang/Object;+1
v  ~StubRoutines::call_stub
j  java.security.AccessController.doPrivileged(Ljava/security/PrivilegedExceptionAction;Ljava/security/AccessControlContext;)Ljava/lang/Object;+0
j  java.net.URLClassLoader.findClass(Ljava/lang/String;)Ljava/lang/Class;+13
j  java.lang.ClassLoader.loadClass(Ljava/lang/String;Z)Ljava/lang/Class;+70
j  sun.misc.Launcher$AppClassLoader.loadClass(Ljava/lang/String;Z)Ljava/lang/Class;+36
j  java.lang.ClassLoader.loadClass(Ljava/lang/String;)Ljava/lang/Class;+3
v  ~StubRoutines::call_stub
j  server.UserHandler.handle(Ljava/lang/String;Ljava/lang/Object;)Lshared/communication/ServerResponse;+57
J 335 C2 server.ServerController.handleCommand(Ljava/lang/String;Ljava/lang/Object;Lshared/communication/CookieObject;)Lshared/communication/ServerResponse; (72 bytes) @ 0x000000010bca5398 [0x000000010bca5260+0x138]
j  server.main.CatanServer$1.handle(Lcom/sun/net/httpserver/HttpExchange;)V+43
j  com.sun.net.httpserver.Filter$Chain.doFilter(Lcom/sun/net/httpserver/HttpExchange;)V+17
j  sun.net.httpserver.AuthFilter.doFilter(Lcom/sun/net/httpserver/HttpExchange;Lcom/sun/net/httpserver/Filter$Chain;)V+121
j  com.sun.net.httpserver.Filter$Chain.doFilter(Lcom/sun/net/httpserver/HttpExchange;)V+41
j  sun.net.httpserver.ServerImpl$Exchange$LinkHandler.handle(Lcom/sun/net/httpserver/HttpExchange;)V+5
j  com.sun.net.httpserver.Filter$Chain.doFilter(Lcom/sun/net/httpserver/HttpExchange;)V+17
j  sun.net.httpserver.ServerImpl$Exchange.run()V+903
j  sun.net.httpserver.ServerImpl$DefaultExecutor.execute(Ljava/lang/Runnable;)V+1
J 349% C2 sun.net.httpserver.ServerImpl$Dispatcher.run()V (545 bytes) @ 0x000000010bcc7d64 [0x000000010bcc74e0+0x884]
j  java.lang.Thread.run()V+11
v  ~StubRoutines::call_stub

---------------  P R O C E S S  ---------------

Java Threads: ( => current thread )
  0x00007fb0a88bd800 JavaThread "AWT-AppKit" daemon [_thread_in_native, id=3335, stack(0x00007fff554f7000,0x00007fff55577000)]
  0x00007fb0a88ef000 JavaThread "DestroyJavaVM" [_thread_blocked, id=6403, stack(0x000000010ba60000,0x000000010bb60000)]
=>0x00007fb0a88ee000 JavaThread "Thread-2" [_thread_in_native, id=22531, stack(0x0000000113794000,0x0000000113894000)]
  0x00007fb0a88eb000 JavaThread "server-timer" daemon [_thread_blocked, id=22019, stack(0x0000000113691000,0x0000000113791000)]
  0x00007fb0a915c000 JavaThread "RMI TCP Accept-0" daemon [_thread_in_native, id=20999, stack(0x000000011348b000,0x000000011358b000)]
  0x00007fb0a908d000 JavaThread "Service Thread" daemon [_thread_blocked, id=19203, stack(0x00000001132b7000,0x00000001133b7000)]
  0x00007fb0a908c800 JavaThread "C2 CompilerThread1" daemon [_thread_blocked, id=18691, stack(0x00000001131b4000,0x00000001132b4000)]
  0x00007fb0a8819800 JavaThread "C2 CompilerThread0" daemon [_thread_blocked, id=18179, stack(0x00000001130b1000,0x00000001131b1000)]
  0x00007fb0a8812800 JavaThread "Signal Dispatcher" daemon [_thread_blocked, id=17667, stack(0x0000000112fae000,0x00000001130ae000)]
  0x00007fb0a8811800 JavaThread "Finalizer" daemon [_thread_blocked, id=12547, stack(0x0000000112d6c000,0x0000000112e6c000)]
  0x00007fb0a9804800 JavaThread "Reference Handler" daemon [_thread_blocked, id=12035, stack(0x0000000112c69000,0x0000000112d69000)]

Other Threads:
  0x00007fb0a904d000 VMThread [stack: 0x0000000112b66000,0x0000000112c66000] [id=11523]
  0x00007fb0a913f000 WatcherThread [stack: 0x000000011358e000,0x000000011368e000] [id=21507]

VM state:not at safepoint (normal execution)

VM Mutex/Monitor currently owned by a thread: None

Heap
 PSYoungGen      total 13824K, used 9220K [0x00000007eaa80000, 0x00000007eb980000, 0x0000000800000000)
  eden space 12288K, 69% used [0x00000007eaa80000,0x00000007eb2dce50,0x00000007eb680000)
  from space 1536K, 42% used [0x00000007eb800000,0x00000007eb8a4250,0x00000007eb980000)
  to   space 1536K, 0% used [0x00000007eb680000,0x00000007eb680000,0x00000007eb800000)
 ParOldGen       total 21504K, used 8309K [0x00000007c0000000, 0x00000007c1500000, 0x00000007eaa80000)
  object space 21504K, 38% used [0x00000007c0000000,0x00000007c081d630,0x00000007c1500000)
 PSPermGen       total 21504K, used 9088K [0x00000007bae00000, 0x00000007bc300000, 0x00000007c0000000)
  object space 21504K, 42% used [0x00000007bae00000,0x00000007bb6e00e8,0x00000007bc300000)

Card table byte_map: [0x000000010ec52000,0x000000010ee7c000] byte_map_base: 0x000000010ae7b000

Polling page: 0x000000010a7dc000

Code Cache  [0x000000010bb92000, 0x000000010be02000, 0x000000010eb92000)
 total_blobs=694 nmethods=404 adapters=244 free_code_cache=47746Kb largest_free_block=48834560

Compilation events (10 events):
Event: 2297.926 Thread 0x00007fb0a8819800  407             java.nio.Bits::copyToArray (68 bytes)
Event: 2297.927 Thread 0x00007fb0a8819800 nmethod 407 0x000000010bce9e10 code [0x000000010bce9f40, 0x000000010bce9fd8]
Event: 2300.384 Thread 0x00007fb0a908c800  408   !         server.main.CatanServer$1::createCookieObject (267 bytes)
Event: 2300.431 Thread 0x00007fb0a908c800 nmethod 408 0x000000010bcf5290 code [0x000000010bcf5560, 0x000000010bcf66c8]
Event: 2458.385 Thread 0x00007fb0a8819800  409             java.util.Scanner::hasNext (46 bytes)
Event: 2458.408 Thread 0x00007fb0a8819800 nmethod 409 0x000000010bcf3fd0 code [0x000000010bcf4200, 0x000000010bcf48d8]
Event: 2459.381 Thread 0x00007fb0a908c800  410             java.util.Scanner::next (51 bytes)
Event: 2459.388 Thread 0x00007fb0a908c800 nmethod 410 0x000000010bcad590 code [0x000000010bcad740, 0x000000010bcada30]
Event: 2591.925 Thread 0x00007fb0a8819800  411             sun.nio.cs.StreamDecoder::implRead (243 bytes)
Event: 2592.000 Thread 0x00007fb0a8819800 nmethod 411 0x000000010bcfb510 code [0x000000010bcfb880, 0x000000010bcfd6b0]

GC Heap History (10 events):
Event: 5011.385 GC heap before
{Heap before GC invocations=1786 (full 22):
 PSYoungGen      total 13824K, used 12761K [0x00000007eaa80000, 0x00000007eb980000, 0x0000000800000000)
  eden space 12288K, 100% used [0x00000007eaa80000,0x00000007eb680000,0x00000007eb680000)
  from space 1536K, 30% used [0x00000007eb680000,0x00000007eb6f65e8,0x00000007eb800000)
  to   space 1536K, 0% used [0x00000007eb800000,0x00000007eb800000,0x00000007eb980000)
 ParOldGen       total 21504K, used 7134K [0x00000007c0000000, 0x00000007c1500000, 0x00000007eaa80000)
  object space 21504K, 33% used [0x00000007c0000000,0x00000007c06f7810,0x00000007c1500000)
 PSPermGen       total 21504K, used 9088K [0x00000007bae00000, 0x00000007bc300000, 0x00000007c0000000)
  object space 21504K, 42% used [0x00000007bae00000,0x00000007bb6e00e8,0x00000007bc300000)
Event: 5011.386 GC heap after
Heap after GC invocations=1786 (full 22):
 PSYoungGen      total 13824K, used 982K [0x00000007eaa80000, 0x00000007eb980000, 0x0000000800000000)
  eden space 12288K, 0% used [0x00000007eaa80000,0x00000007eaa80000,0x00000007eb680000)
  from space 1536K, 63% used [0x00000007eb800000,0x00000007eb8f5bd0,0x00000007eb980000)
  to   space 1536K, 0% used [0x00000007eb680000,0x00000007eb680000,0x00000007eb800000)
 ParOldGen       total 21504K, used 7304K [0x00000007c0000000, 0x00000007c1500000, 0x00000007eaa80000)
  object space 21504K, 33% used [0x00000007c0000000,0x00000007c07220f0,0x00000007c1500000)
 PSPermGen       total 21504K, used 9088K [0x00000007bae00000, 0x00000007bc300000, 0x00000007c0000000)
  object space 21504K, 42% used [0x00000007bae00000,0x00000007bb6e00e8,0x00000007bc300000)
}
Event: 5013.386 GC heap before
{Heap before GC invocations=1787 (full 22):
 PSYoungGen      total 13824K, used 13254K [0x00000007eaa80000, 0x00000007eb980000, 0x0000000800000000)
  eden space 12288K, 99% used [0x00000007eaa80000,0x00000007eb67bca8,0x00000007eb680000)
  from space 1536K, 63% used [0x00000007eb800000,0x00000007eb8f5bd0,0x00000007eb980000)
  to   space 1536K, 0% used [0x00000007eb680000,0x00000007eb680000,0x00000007eb800000)
 ParOldGen       total 21504K, used 7304K [0x00000007c0000000, 0x00000007c1500000, 0x00000007eaa80000)
  object space 21504K, 33% used [0x00000007c0000000,0x00000007c07220f0,0x00000007c1500000)
 PSPermGen       total 21504K, used 9088K [0x00000007bae00000, 0x00000007bc300000, 0x00000007c0000000)
  object space 21504K, 42% used [0x00000007bae00000,0x00000007bb6e00e8,0x00000007bc300000)
Event: 5013.387 GC heap after
Heap after GC invocations=1787 (full 22):
 PSYoungGen      total 13824K, used 1058K [0x00000007eaa80000, 0x00000007eb980000, 0x0000000800000000)
  eden space 12288K, 0% used [0x00000007eaa80000,0x00000007eaa80000,0x00000007eb680000)
  from space 1536K, 68% used [0x00000007eb680000,0x00000007eb788bd0,0x00000007eb800000)
  to   space 1536K, 0% used [0x00000007eb800000,0x00000007eb800000,0x00000007eb980000)
 ParOldGen       total 21504K, used 7628K [0x00000007c0000000, 0x00000007c1500000, 0x00000007eaa80000)
  object space 21504K, 35% used [0x00000007c0000000,0x00000007c07732b0,0x00000007c1500000)
 PSPermGen       total 21504K, used 9088K [0x00000007bae00000, 0x00000007bc300000, 0x00000007c0000000)
  object space 21504K, 42% used [0x00000007bae00000,0x00000007bb6e00e8,0x00000007bc300000)
}
Event: 5015.385 GC heap before
{Heap before GC invocations=1788 (full 22):
 PSYoungGen      total 13824K, used 13295K [0x00000007eaa80000, 0x00000007eb980000, 0x0000000800000000)
  eden space 12288K, 99% used [0x00000007eaa80000,0x00000007eb673228,0x00000007eb680000)
  from space 1536K, 68% used [0x00000007eb680000,0x00000007eb788bd0,0x00000007eb800000)
  to   space 1536K, 0% used [0x00000007eb800000,0x00000007eb800000,0x00000007eb980000)
 ParOldGen       total 21504K, used 7628K [0x00000007c0000000, 0x00000007c1500000, 0x00000007eaa80000)
  object space 21504K, 35% used [0x00000007c0000000,0x00000007c07732b0,0x00000007c1500000)
 PSPermGen       total 21504K, used 9088K [0x00000007bae00000, 0x00000007bc300000, 0x00000007c0000000)
  object space 21504K, 42% used [0x00000007bae00000,0x00000007bb6e00e8,0x00000007bc300000)
Event: 5015.386 GC heap after
Heap after GC invocations=1788 (full 22):
 PSYoungGen      total 13824K, used 813K [0x00000007eaa80000, 0x00000007eb980000, 0x0000000800000000)
  eden space 12288K, 0% used [0x00000007eaa80000,0x00000007eaa80000,0x00000007eb680000)
  from space 1536K, 52% used [0x00000007eb800000,0x00000007eb8cb768,0x00000007eb980000)
  to   space 1536K, 0% used [0x00000007eb680000,0x00000007eb680000,0x00000007eb800000)
 ParOldGen       total 21504K, used 7969K [0x00000007c0000000, 0x00000007c1500000, 0x00000007eaa80000)
  object space 21504K, 37% used [0x00000007c0000000,0x00000007c07c8470,0x00000007c1500000)
 PSPermGen       total 21504K, used 9088K [0x00000007bae00000, 0x00000007bc300000, 0x00000007c0000000)
  object space 21504K, 42% used [0x00000007bae00000,0x00000007bb6e00e8,0x00000007bc300000)
}
Event: 5017.387 GC heap before
{Heap before GC invocations=1789 (full 22):
 PSYoungGen      total 13824K, used 12994K [0x00000007eaa80000, 0x00000007eb980000, 0x0000000800000000)
  eden space 12288K, 99% used [0x00000007eaa80000,0x00000007eb665458,0x00000007eb680000)
  from space 1536K, 52% used [0x00000007eb800000,0x00000007eb8cb768,0x00000007eb980000)
  to   space 1536K, 0% used [0x00000007eb680000,0x00000007eb680000,0x00000007eb800000)
 ParOldGen       total 21504K, used 7969K [0x00000007c0000000, 0x00000007c1500000, 0x00000007eaa80000)
  object space 21504K, 37% used [0x00000007c0000000,0x00000007c07c8470,0x00000007c1500000)
 PSPermGen       total 21504K, used 9088K [0x00000007bae00000, 0x00000007bc300000, 0x00000007c0000000)
  object space 21504K, 42% used [0x00000007bae00000,0x00000007bb6e00e8,0x00000007bc300000)
Event: 5017.389 GC heap after
Heap after GC invocations=1789 (full 22):
 PSYoungGen      total 13824K, used 473K [0x00000007eaa80000, 0x00000007eb980000, 0x0000000800000000)
  eden space 12288K, 0% used [0x00000007eaa80000,0x00000007eaa80000,0x00000007eb680000)
  from space 1536K, 30% used [0x00000007eb680000,0x00000007eb6f65e8,0x00000007eb800000)
  to   space 1536K, 0% used [0x00000007eb800000,0x00000007eb800000,0x00000007eb980000)
 ParOldGen       total 21504K, used 8309K [0x00000007c0000000, 0x00000007c1500000, 0x00000007eaa80000)
  object space 21504K, 38% used [0x00000007c0000000,0x00000007c081d630,0x00000007c1500000)
 PSPermGen       total 21504K, used 9088K [0x00000007bae00000, 0x00000007bc300000, 0x00000007c0000000)
  object space 21504K, 42% used [0x00000007bae00000,0x00000007bb6e00e8,0x00000007bc300000)
}
Event: 5019.926 GC heap before
{Heap before GC invocations=1790 (full 22):
 PSYoungGen      total 13824K, used 12761K [0x00000007eaa80000, 0x00000007eb980000, 0x0000000800000000)
  eden space 12288K, 100% used [0x00000007eaa80000,0x00000007eb680000,0x00000007eb680000)
  from space 1536K, 30% used [0x00000007eb680000,0x00000007eb6f65e8,0x00000007eb800000)
  to   space 1536K, 0% used [0x00000007eb800000,0x00000007eb800000,0x00000007eb980000)
 ParOldGen       total 21504K, used 8309K [0x00000007c0000000, 0x00000007c1500000, 0x00000007eaa80000)
  object space 21504K, 38% used [0x00000007c0000000,0x00000007c081d630,0x00000007c1500000)
 PSPermGen       total 21504K, used 9088K [0x00000007bae00000, 0x00000007bc300000, 0x00000007c0000000)
  object space 21504K, 42% used [0x00000007bae00000,0x00000007bb6e00e8,0x00000007bc300000)
Event: 5019.927 GC heap after
Heap after GC invocations=1790 (full 22):
 PSYoungGen      total 13824K, used 656K [0x00000007eaa80000, 0x00000007eb980000, 0x0000000800000000)
  eden space 12288K, 0% used [0x00000007eaa80000,0x00000007eaa80000,0x00000007eb680000)
  from space 1536K, 42% used [0x00000007eb800000,0x00000007eb8a4250,0x00000007eb980000)
  to   space 1536K, 0% used [0x00000007eb680000,0x00000007eb680000,0x00000007eb800000)
 ParOldGen       total 21504K, used 8309K [0x00000007c0000000, 0x00000007c1500000, 0x00000007eaa80000)
  object space 21504K, 38% used [0x00000007c0000000,0x00000007c081d630,0x00000007c1500000)
 PSPermGen       total 21504K, used 9088K [0x00000007bae00000, 0x00000007bc300000, 0x00000007c0000000)
  object space 21504K, 42% used [0x00000007bae00000,0x00000007bb6e00e8,0x00000007bc300000)
}

Deoptimization events (10 events):
Event: 583.302 Thread 0x00007fb0a88ee000 Uncommon trap: reason=array_check action=maybe_recompile pc=0x000000010bcad594 method=java.util.AbstractCollection.toArray([Ljava/lang/Object;)[Ljava/lang/Object; @ 119
Event: 583.383 Thread 0x00007fb0a88ee000 Uncommon trap: reason=array_check action=maybe_recompile pc=0x000000010bcad594 method=java.util.AbstractCollection.toArray([Ljava/lang/Object;)[Ljava/lang/Object; @ 119
Event: 583.893 Thread 0x00007fb0a88ee000 Uncommon trap: reason=array_check action=maybe_recompile pc=0x000000010bcad594 method=java.util.AbstractCollection.toArray([Ljava/lang/Object;)[Ljava/lang/Object; @ 119
Event: 583.923 Thread 0x00007fb0a88ee000 Uncommon trap: reason=array_check action=maybe_recompile pc=0x000000010bcad594 method=java.util.AbstractCollection.toArray([Ljava/lang/Object;)[Ljava/lang/Object; @ 119
Event: 1161.223 Thread 0x00007fb0a88eb000 Uncommon trap: reason=unreached action=reinterpret pc=0x000000010bcac4fc method=java.util.LinkedList.linkLast(Ljava/lang/Object;)V @ 22
Event: 1161.223 Thread 0x00007fb0a88eb000 Uncommon trap: reason=unreached action=reinterpret pc=0x000000010bc77c74 method=java.util.LinkedList.linkLast(Ljava/lang/Object;)V @ 22
Event: 1795.334 Thread 0x00007fb0a88ee000 Uncommon trap: reason=null_check action=make_not_entrant pc=0x000000010bceef5c method=sun.nio.cs.StreamDecoder.inReady()Z @ 21
Event: 5060.988 Thread 0x00007fb0a88ee000 Uncommon trap: reason=range_check action=make_not_entrant pc=0x000000010bcf6060 method=server.main.CatanServer$1.createCookieObject(Lcom/sun/net/httpserver/HttpExchange;)Lshared/communication/CookieObject; @ 95
Event: 5209.198 Thread 0x00007fb0a88ee000 Uncommon trap: reason=unreached action=reinterpret pc=0x000000010bc7ef34 method=java.lang.ref.SoftReference.get()Ljava/lang/Object; @ 6
Event: 5209.199 Thread 0x00007fb0a88ee000 Uncommon trap: reason=unreached action=reinterpret pc=0x000000010bc8a15c method=java.lang.ref.SoftReference.get()Ljava/lang/Object; @ 6

Internal exceptions (10 events):
Event: 108.315 Thread 0x00007fb0a88ee000 Threw 0x00000007eaaf34e8 at /HUDSON/workspace/7u-2-build-macosx-x86_64/jdk7u65/1224/hotspot/src/share/vm/prims/jvm.cpp:1244
Event: 108.317 Thread 0x00007fb0a88ee000 Threw 0x00000007eaaf8820 at /HUDSON/workspace/7u-2-build-macosx-x86_64/jdk7u65/1224/hotspot/src/share/vm/prims/jvm.cpp:1244
Event: 108.325 Thread 0x00007fb0a88ee000 Threw 0x00000007eaaffbb8 at /HUDSON/workspace/7u-2-build-macosx-x86_64/jdk7u65/1224/hotspot/src/share/vm/prims/jvm.cpp:1244
Event: 109.912 Thread 0x00007fb0a88ee000 Threw 0x00000007eb4fd158 at /HUDSON/workspace/7u-2-build-macosx-x86_64/jdk7u65/1224/hotspot/src/share/vm/prims/jvm.cpp:1244
Event: 109.952 Thread 0x00007fb0a88ee000 Threw 0x00000007eb7d0648 at /HUDSON/workspace/7u-2-build-macosx-x86_64/jdk7u65/1224/hotspot/src/share/vm/prims/jvm.cpp:1244
Event: 221.493 Thread 0x00007fb0a88ee000 Threw 0x00000007eb5d59c0 at /HUDSON/workspace/7u-2-build-macosx-x86_64/jdk7u65/1224/hotspot/src/share/vm/prims/jvm.cpp:1244
Event: 1795.334 Thread 0x00007fb0a88ee000 Implicit null exception at 0x000000010bced9b8 to 0x000000010bceef49
Event: 5209.198 Thread 0x00007fb0a88ee000 Implicit null exception at 0x000000010bc7dce7 to 0x000000010bc7ef05
Event: 5209.199 Thread 0x00007fb0a88ee000 Implicit null exception at 0x000000010bc89e62 to 0x000000010bc8a14d
Event: 5215.014 Thread 0x00007fb0a88ee000 Threw 0x00000007eb2c80f8 at /HUDSON/workspace/7u-2-build-macosx-x86_64/jdk7u65/1224/hotspot/src/share/vm/prims/jvm.cpp:1244

Events (10 events):
Event: 5077.756 Executing VM operation: RevokeBias done
Event: 5077.756 Thread 0x00007fb0aa0bf800 Thread exited: 0x00007fb0aa0bf800
Event: 5209.198 Thread 0x00007fb0a88ee000 Uncommon trap: trap_request=0xffffffad fr.pc=0x000000010bc7ef34
Event: 5209.198 Thread 0x00007fb0a88ee000 DEOPT PACKING pc=0x000000010bc7ef34 sp=0x00000001138930a0
Event: 5209.198 Thread 0x00007fb0a88ee000 DEOPT UNPACKING pc=0x000000010bbcb045 sp=0x0000000113892e48 mode 2
Event: 5209.199 Thread 0x00007fb0a88ee000 Uncommon trap: trap_request=0xffffffad fr.pc=0x000000010bc8a15c
Event: 5209.199 Thread 0x00007fb0a88ee000 DEOPT PACKING pc=0x000000010bc8a15c sp=0x0000000113893030
Event: 5209.199 Thread 0x00007fb0a88ee000 DEOPT UNPACKING pc=0x000000010bbcb045 sp=0x0000000113892f80 mode 2
Event: 5215.013 loading class 0x00007fb0a84269c0
Event: 5215.013 loading class 0x00007fb0a84269c0 done


Dynamic libraries:
0x0000000009f57000 	/System/Library/Frameworks/Cocoa.framework/Versions/A/Cocoa
0x0000000009f57000 	/System/Library/Frameworks/Security.framework/Versions/A/Security
0x0000000009f57000 	/System/Library/Frameworks/ApplicationServices.framework/Versions/A/ApplicationServices
0x0000000009f57000 	/usr/lib/libz.1.dylib
0x0000000009f57000 	/usr/lib/libSystem.B.dylib
0x0000000009f57000 	/usr/lib/libobjc.A.dylib
0x0000000009f57000 	/System/Library/Frameworks/CoreFoundation.framework/Versions/A/CoreFoundation
0x0000000009f57000 	/System/Library/Frameworks/Foundation.framework/Versions/C/Foundation
0x0000000009f57000 	/System/Library/Frameworks/AppKit.framework/Versions/C/AppKit
0x0000000009f57000 	/System/Library/Frameworks/CoreData.framework/Versions/A/CoreData
0x0000000009f57000 	/System/Library/PrivateFrameworks/RemoteViewServices.framework/Versions/A/RemoteViewServices
0x0000000009f57000 	/System/Library/Frameworks/AudioToolbox.framework/Versions/A/AudioToolbox
0x0000000009f57000 	/System/Library/Frameworks/AudioUnit.framework/Versions/A/AudioUnit
0x0000000009f57000 	/System/Library/PrivateFrameworks/DataDetectorsCore.framework/Versions/A/DataDetectorsCore
0x0000000009f57000 	/System/Library/PrivateFrameworks/DesktopServicesPriv.framework/Versions/A/DesktopServicesPriv
0x0000000009f57000 	/System/Library/Frameworks/Carbon.framework/Versions/A/Frameworks/HIToolbox.framework/Versions/A/HIToolbox
0x0000000009f57000 	/System/Library/Frameworks/QuartzCore.framework/Versions/A/QuartzCore
0x0000000009f57000 	/System/Library/Frameworks/Carbon.framework/Versions/A/Frameworks/SpeechRecognition.framework/Versions/A/SpeechRecognition
0x0000000009f57000 	/usr/lib/libauto.dylib
0x0000000009f57000 	/usr/lib/libicucore.A.dylib
0x0000000009f57000 	/usr/lib/libxml2.2.dylib
0x0000000009f57000 	/System/Library/PrivateFrameworks/CoreUI.framework/Versions/A/CoreUI
0x0000000009f57000 	/System/Library/Frameworks/CoreAudio.framework/Versions/A/CoreAudio
0x0000000009f57000 	/System/Library/Frameworks/DiskArbitration.framework/Versions/A/DiskArbitration
0x0000000009f57000 	/usr/lib/liblangid.dylib
0x0000000009f57000 	/System/Library/PrivateFrameworks/MultitouchSupport.framework/Versions/A/MultitouchSupport
0x0000000009f57000 	/System/Library/Frameworks/IOKit.framework/Versions/A/IOKit
0x0000000009f57000 	/usr/lib/libDiagnosticMessagesClient.dylib
0x0000000009f57000 	/System/Library/Frameworks/CoreServices.framework/Versions/A/CoreServices
0x0000000009f57000 	/System/Library/PrivateFrameworks/PerformanceAnalysis.framework/Versions/A/PerformanceAnalysis
0x0000000009f57000 	/System/Library/PrivateFrameworks/GenerationalStorage.framework/Versions/A/GenerationalStorage
0x0000000009f57000 	/System/Library/Frameworks/OpenGL.framework/Versions/A/OpenGL
0x0000000009f57000 	/System/Library/PrivateFrameworks/Sharing.framework/Versions/A/Sharing
0x0000000009f57000 	/System/Library/Frameworks/ImageIO.framework/Versions/A/ImageIO
0x0000000009f57000 	/System/Library/Frameworks/CoreText.framework/Versions/A/CoreText
0x0000000009f57000 	/System/Library/Frameworks/CoreGraphics.framework/Versions/A/CoreGraphics
0x0000000009f57000 	/System/Library/PrivateFrameworks/Backup.framework/Versions/A/Backup
0x0000000009f57000 	/System/Library/Frameworks/CFNetwork.framework/Versions/A/CFNetwork
0x0000000009f57000 	/System/Library/Frameworks/SystemConfiguration.framework/Versions/A/SystemConfiguration
0x0000000009f57000 	/usr/lib/libCRFSuite.dylib
0x0000000009f57000 	/usr/lib/libc++.1.dylib
0x0000000009f57000 	/usr/lib/libc++abi.dylib
0x0000000009f57000 	/usr/lib/system/libcache.dylib
0x0000000009f57000 	/usr/lib/system/libcommonCrypto.dylib
0x0000000009f57000 	/usr/lib/system/libcompiler_rt.dylib
0x0000000009f57000 	/usr/lib/system/libcopyfile.dylib
0x0000000009f57000 	/usr/lib/system/libcorecrypto.dylib
0x0000000009f57000 	/usr/lib/system/libdispatch.dylib
0x0000000009f57000 	/usr/lib/system/libdyld.dylib
0x0000000009f57000 	/usr/lib/system/libkeymgr.dylib
0x0000000009f57000 	/usr/lib/system/liblaunch.dylib
0x0000000009f57000 	/usr/lib/system/libmacho.dylib
0x0000000009f57000 	/usr/lib/system/libquarantine.dylib
0x0000000009f57000 	/usr/lib/system/libremovefile.dylib
0x0000000009f57000 	/usr/lib/system/libsystem_asl.dylib
0x0000000009f57000 	/usr/lib/system/libsystem_blocks.dylib
0x0000000009f57000 	/usr/lib/system/libsystem_c.dylib
0x0000000009f57000 	/usr/lib/system/libsystem_configuration.dylib
0x0000000009f57000 	/usr/lib/system/libsystem_dnssd.dylib
0x0000000009f57000 	/usr/lib/system/libsystem_info.dylib
0x0000000009f57000 	/usr/lib/system/libsystem_kernel.dylib
0x0000000009f57000 	/usr/lib/system/libsystem_m.dylib
0x0000000009f57000 	/usr/lib/system/libsystem_malloc.dylib
0x0000000009f57000 	/usr/lib/system/libsystem_network.dylib
0x0000000009f57000 	/usr/lib/system/libsystem_notify.dylib
0x0000000009f57000 	/usr/lib/system/libsystem_platform.dylib
0x0000000009f57000 	/usr/lib/system/libsystem_pthread.dylib
0x0000000009f57000 	/usr/lib/system/libsystem_sandbox.dylib
0x0000000009f57000 	/usr/lib/system/libsystem_stats.dylib
0x0000000009f57000 	/usr/lib/system/libunc.dylib
0x0000000009f57000 	/usr/lib/system/libunwind.dylib
0x0000000009f57000 	/usr/lib/system/libxpc.dylib
0x0000000009f57000 	/usr/lib/libbsm.0.dylib
0x0000000009f57000 	/usr/lib/libsqlite3.dylib
0x0000000009f57000 	/usr/lib/libxar.1.dylib
0x0000000009f57000 	/usr/lib/libpam.2.dylib
0x0000000009f57000 	/usr/lib/libOpenScriptingUtil.dylib
0x0000000009f57000 	/usr/lib/libbz2.1.0.dylib
0x0000000009f57000 	/System/Library/Frameworks/CoreServices.framework/Versions/A/Frameworks/CarbonCore.framework/Versions/A/CarbonCore
0x0000000009f57000 	/System/Library/Frameworks/CoreServices.framework/Versions/A/Frameworks/Metadata.framework/Versions/A/Metadata
0x0000000009f57000 	/System/Library/Frameworks/CoreServices.framework/Versions/A/Frameworks/OSServices.framework/Versions/A/OSServices
0x0000000009f57000 	/System/Library/Frameworks/CoreServices.framework/Versions/A/Frameworks/SearchKit.framework/Versions/A/SearchKit
0x0000000009f57000 	/System/Library/Frameworks/CoreServices.framework/Versions/A/Frameworks/AE.framework/Versions/A/AE
0x0000000009f57000 	/System/Library/Frameworks/CoreServices.framework/Versions/A/Frameworks/LaunchServices.framework/Versions/A/LaunchServices
0x0000000009f57000 	/System/Library/Frameworks/CoreServices.framework/Versions/A/Frameworks/DictionaryServices.framework/Versions/A/DictionaryServices
0x0000000009f57000 	/System/Library/Frameworks/NetFS.framework/Versions/A/NetFS
0x0000000009f57000 	/usr/lib/system/libkxld.dylib
0x0000000009f57000 	/System/Library/PrivateFrameworks/NetAuth.framework/Versions/A/NetAuth
0x0000000009f57000 	/System/Library/PrivateFrameworks/TCC.framework/Versions/A/TCC
0x0000000009f57000 	/System/Library/Frameworks/OpenDirectory.framework/Versions/A/Frameworks/CFOpenDirectory.framework/Versions/A/CFOpenDirectory
0x0000000009f57000 	/System/Library/Frameworks/ServiceManagement.framework/Versions/A/ServiceManagement
0x0000000009f57000 	/usr/lib/libxslt.1.dylib
0x0000000009f57000 	/System/Library/Frameworks/Carbon.framework/Versions/A/Frameworks/Ink.framework/Versions/A/Ink
0x0000000009f57000 	/System/Library/Frameworks/ApplicationServices.framework/Versions/A/Frameworks/ATS.framework/Versions/A/ATS
0x0000000009f57000 	/System/Library/Frameworks/ApplicationServices.framework/Versions/A/Frameworks/ColorSync.framework/Versions/A/ColorSync
0x0000000009f57000 	/System/Library/Frameworks/ApplicationServices.framework/Versions/A/Frameworks/HIServices.framework/Versions/A/HIServices
0x0000000009f57000 	/System/Library/Frameworks/ApplicationServices.framework/Versions/A/Frameworks/LangAnalysis.framework/Versions/A/LangAnalysis
0x0000000009f57000 	/System/Library/Frameworks/ApplicationServices.framework/Versions/A/Frameworks/PrintCore.framework/Versions/A/PrintCore
0x0000000009f57000 	/System/Library/Frameworks/ApplicationServices.framework/Versions/A/Frameworks/QD.framework/Versions/A/QD
0x0000000009f57000 	/System/Library/Frameworks/ApplicationServices.framework/Versions/A/Frameworks/SpeechSynthesis.framework/Versions/A/SpeechSynthesis
0x0000000009f57000 	/System/Library/Frameworks/IOSurface.framework/Versions/A/IOSurface
0x0000000009f57000 	/System/Library/Frameworks/Accelerate.framework/Versions/A/Accelerate
0x0000000009f57000 	/System/Library/Frameworks/Accelerate.framework/Versions/A/Frameworks/vImage.framework/Versions/A/vImage
0x0000000009f57000 	/System/Library/Frameworks/Accelerate.framework/Versions/A/Frameworks/vecLib.framework/Versions/A/vecLib
0x0000000009f57000 	/System/Library/Frameworks/Accelerate.framework/Versions/A/Frameworks/vecLib.framework/Versions/A/libvDSP.dylib
0x0000000009f57000 	/System/Library/Frameworks/Accelerate.framework/Versions/A/Frameworks/vecLib.framework/Versions/A/libvMisc.dylib
0x0000000009f57000 	/System/Library/Frameworks/Accelerate.framework/Versions/A/Frameworks/vecLib.framework/Versions/A/libLAPACK.dylib
0x0000000009f57000 	/System/Library/Frameworks/Accelerate.framework/Versions/A/Frameworks/vecLib.framework/Versions/A/libBLAS.dylib
0x0000000009f57000 	/System/Library/Frameworks/ApplicationServices.framework/Versions/A/Frameworks/ATS.framework/Versions/A/Resources/libFontParser.dylib
0x0000000009f57000 	/System/Library/Frameworks/ApplicationServices.framework/Versions/A/Frameworks/ATS.framework/Versions/A/Resources/libFontRegistry.dylib
0x0000000009f57000 	/System/Library/Frameworks/ImageIO.framework/Versions/A/Resources/libJPEG.dylib
0x0000000009f57000 	/System/Library/Frameworks/ImageIO.framework/Versions/A/Resources/libTIFF.dylib
0x0000000009f57000 	/System/Library/Frameworks/ImageIO.framework/Versions/A/Resources/libPng.dylib
0x0000000009f57000 	/System/Library/Frameworks/ImageIO.framework/Versions/A/Resources/libGIF.dylib
0x0000000009f57000 	/System/Library/Frameworks/ImageIO.framework/Versions/A/Resources/libJP2.dylib
0x0000000009f57000 	/System/Library/Frameworks/ImageIO.framework/Versions/A/Resources/libRadiance.dylib
0x0000000009f57000 	/usr/lib/libcups.2.dylib
0x0000000009f57000 	/System/Library/Frameworks/Kerberos.framework/Versions/A/Kerberos
0x0000000009f57000 	/System/Library/Frameworks/GSS.framework/Versions/A/GSS
0x0000000009f57000 	/usr/lib/libresolv.9.dylib
0x0000000009f57000 	/usr/lib/libiconv.2.dylib
0x0000000009f57000 	/System/Library/PrivateFrameworks/Heimdal.framework/Versions/A/Heimdal
0x0000000009f57000 	/System/Library/PrivateFrameworks/TrustEvaluationAgent.framework/Versions/A/TrustEvaluationAgent
0x0000000009f57000 	/usr/lib/libheimdal-asn1.dylib
0x0000000009f57000 	/System/Library/Frameworks/OpenDirectory.framework/Versions/A/OpenDirectory
0x0000000009f57000 	/System/Library/PrivateFrameworks/CommonAuth.framework/Versions/A/CommonAuth
0x0000000009f57000 	/System/Library/Frameworks/SecurityFoundation.framework/Versions/A/SecurityFoundation
0x0000000009f57000 	/System/Library/PrivateFrameworks/Bom.framework/Versions/A/Bom
0x0000000009f57000 	/System/Library/Frameworks/CoreVideo.framework/Versions/A/CoreVideo
0x0000000009f57000 	/System/Library/Frameworks/QuartzCore.framework/Versions/A/Frameworks/CoreImage.framework/Versions/A/CoreImage
0x0000000009f57000 	/System/Library/Frameworks/QuartzCore.framework/Versions/A/Frameworks/ScalableUserInterface.framework/Versions/A/ScalableUserInterface
0x0000000009f57000 	/System/Library/Frameworks/OpenGL.framework/Versions/A/Libraries/libGLU.dylib
0x0000000009f57000 	/System/Library/Frameworks/OpenGL.framework/Versions/A/Libraries/libGFXShared.dylib
0x0000000009f57000 	/System/Library/Frameworks/OpenGL.framework/Versions/A/Libraries/libGL.dylib
0x0000000009f57000 	/System/Library/Frameworks/OpenGL.framework/Versions/A/Libraries/libGLImage.dylib
0x0000000009f57000 	/System/Library/Frameworks/OpenGL.framework/Versions/A/Libraries/libCVMSPluginSupport.dylib
0x0000000009f57000 	/System/Library/Frameworks/OpenGL.framework/Versions/A/Libraries/libCoreVMClient.dylib
0x0000000009f57000 	/System/Library/PrivateFrameworks/FaceCore.framework/Versions/A/FaceCore
0x0000000009f57000 	/System/Library/PrivateFrameworks/CrashReporterSupport.framework/Versions/A/CrashReporterSupport
0x0000000009f57000 	/System/Library/Frameworks/OpenCL.framework/Versions/A/OpenCL
0x0000000009f57000 	/System/Library/PrivateFrameworks/AppleFSCompression.framework/Versions/A/AppleFSCompression
0x0000000009f57000 	/System/Library/PrivateFrameworks/Ubiquity.framework/Versions/A/Ubiquity
0x0000000009f57000 	/System/Library/PrivateFrameworks/IconServices.framework/Versions/A/IconServices
0x0000000009f57000 	/System/Library/PrivateFrameworks/ChunkingLibrary.framework/Versions/A/ChunkingLibrary
0x0000000009f57000 	/System/Library/PrivateFrameworks/CoreSymbolication.framework/Versions/A/CoreSymbolication
0x0000000009f57000 	/System/Library/PrivateFrameworks/Symbolication.framework/Versions/A/Symbolication
0x0000000009f57000 	/System/Library/PrivateFrameworks/DebugSymbols.framework/Versions/A/DebugSymbols
0x000000010b000000 	/Library/Java/JavaVirtualMachines/jdk1.7.0_65.jdk/Contents/Home/jre/lib/server/libjvm.dylib
0x0000000009f57000 	/usr/lib/libstdc++.6.dylib
0x000000010a7cf000 	/Library/Java/JavaVirtualMachines/jdk1.7.0_65.jdk/Contents/Home/jre/lib/libverify.dylib
0x000000010bb62000 	/Library/Java/JavaVirtualMachines/jdk1.7.0_65.jdk/Contents/Home/jre/lib/libjava.dylib
0x000000010a7e6000 	/Library/Java/JavaVirtualMachines/jdk1.7.0_65.jdk/Contents/Home/jre/lib/libzip.dylib
0x0000000112e6e000 	/System/Library/Frameworks/JavaVM.framework/Frameworks/JavaRuntimeSupport.framework/JavaRuntimeSupport
0x0000000112e86000 	/System/Library/Frameworks/JavaVM.framework/Versions/A/Frameworks/JavaNativeFoundation.framework/Versions/A/JavaNativeFoundation
0x000000010a7ef000 	/System/Library/Frameworks/JavaVM.framework/Versions/A/JavaVM
0x0000000009f57000 	/System/Library/Frameworks/Carbon.framework/Versions/A/Carbon
0x0000000112e9b000 	/System/Library/PrivateFrameworks/JavaLaunching.framework/Versions/A/JavaLaunching
0x0000000009f57000 	/System/Library/Frameworks/Carbon.framework/Versions/A/Frameworks/CommonPanels.framework/Versions/A/CommonPanels
0x0000000009f57000 	/System/Library/Frameworks/Carbon.framework/Versions/A/Frameworks/Help.framework/Versions/A/Help
0x0000000009f57000 	/System/Library/Frameworks/Carbon.framework/Versions/A/Frameworks/ImageCapture.framework/Versions/A/ImageCapture
0x0000000009f57000 	/System/Library/Frameworks/Carbon.framework/Versions/A/Frameworks/OpenScripting.framework/Versions/A/OpenScripting
0x0000000009f57000 	/System/Library/Frameworks/Carbon.framework/Versions/A/Frameworks/Print.framework/Versions/A/Print
0x0000000009f57000 	/System/Library/Frameworks/Carbon.framework/Versions/A/Frameworks/SecurityHI.framework/Versions/A/SecurityHI
0x00000001133b9000 	/Library/Java/JavaVirtualMachines/jdk1.7.0_65.jdk/Contents/Home/jre/lib/libnet.dylib
0x0000000113416000 	/Library/Java/JavaVirtualMachines/jdk1.7.0_65.jdk/Contents/Home/jre/lib/libmanagement.dylib
0x000000011341e000 	/Library/Java/JavaVirtualMachines/jdk1.7.0_65.jdk/Contents/Home/jre/lib/libnio.dylib
0x0000000112ea7000 	/Library/Java/JavaVirtualMachines/jdk1.7.0_65.jdk/Contents/Home/jre/lib/libawt.dylib
0x0000000113896000 	/Library/Java/JavaVirtualMachines/jdk1.7.0_65.jdk/Contents/Home/jre/lib/./libmlib_image.dylib
0x0000000113962000 	/Library/Java/JavaVirtualMachines/jdk1.7.0_65.jdk/Contents/Home/jre/lib/lwawt/liblwawt.dylib
0x0000000112f56000 	/Library/Java/JavaVirtualMachines/jdk1.7.0_65.jdk/Contents/Home/jre/lib/libosxapp.dylib
0x0000000009f57000 	/System/Library/Frameworks/ExceptionHandling.framework/Versions/A/ExceptionHandling
0x0000000009f57000 	/System/Library/PrivateFrameworks/CoreServicesInternal.framework/Versions/A/CoreServicesInternal
0x0000000009f57000 	/System/Library/PrivateFrameworks/Librarian.framework/Versions/A/Librarian
0x0000000009f57000 	/System/Library/Frameworks/CoreGraphics.framework/Versions/A/Resources/libCGCMS.A.dylib
0x0000000009f57000 	/System/Library/Frameworks/CoreGraphics.framework/Versions/A/Resources/libRIP.A.dylib
0x0000000009f57000 	/System/Library/Frameworks/CoreGraphics.framework/Versions/A/Resources/libCGXType.A.dylib
0x0000000009f57000 	/System/Library/PrivateFrameworks/FamilyControls.framework/Versions/A/FamilyControls
0x0000000009f57000 	/System/Library/PrivateFrameworks/CommerceKit.framework/Versions/A/Frameworks/CommerceCore.framework/Versions/A/CommerceCore
0x0000000009f57000 	/System/Library/PrivateFrameworks/SystemAdministration.framework/Versions/A/SystemAdministration
0x0000000009f57000 	/System/Library/Frameworks/DirectoryService.framework/Versions/A/DirectoryService
0x0000000009f57000 	/System/Library/PrivateFrameworks/DiskImages.framework/Versions/A/DiskImages
0x0000000009f57000 	/System/Library/PrivateFrameworks/LoginUIKit.framework/Versions/A/Frameworks/LoginUICore.framework/Versions/A/LoginUICore
0x0000000009f57000 	/usr/lib/libCoreStorage.dylib
0x0000000009f57000 	/usr/lib/libcsfde.dylib
0x0000000009f57000 	/usr/lib/libodfde.dylib
0x0000000009f57000 	/System/Library/Frameworks/DiscRecording.framework/Versions/A/DiscRecording
0x0000000009f57000 	/usr/lib/libcurl.4.dylib
0x0000000009f57000 	/System/Library/PrivateFrameworks/MediaKit.framework/Versions/A/MediaKit
0x0000000009f57000 	/System/Library/PrivateFrameworks/EFILogin.framework/Versions/A/EFILogin
0x0000000009f57000 	/usr/lib/libutil.dylib
0x0000000009f57000 	/System/Library/PrivateFrameworks/AOSNotification.framework/Versions/A/AOSNotification
0x0000000009f57000 	/System/Library/Frameworks/LDAP.framework/Versions/A/LDAP
0x0000000009f57000 	/usr/lib/libsasl2.2.dylib
0x0000000009f57000 	/usr/lib/libcrypto.0.9.8.dylib
0x0000000009f57000 	/usr/lib/libssl.0.9.8.dylib

VM Arguments:
jvm_args: -Dcom.sun.management.jmxremote= -ea 
java_command: /Users/candice/Dev/java/Catan/java/dist/catan-server.jar
Launcher Type: SUN_STANDARD

Environment Variables:
PATH=/usr/bin:/bin:/usr/sbin:/sbin:/usr/local/bin
SHELL=/bin/bash

Signal Handlers:
SIGSEGV: [libjvm.dylib+0x52b6c9], sa_mask[0]=0xfffefeff, sa_flags=0x00000043
SIGBUS: [libjvm.dylib+0x52b6c9], sa_mask[0]=0xfffefeff, sa_flags=0x00000042
SIGFPE: [libjvm.dylib+0x41deaa], sa_mask[0]=0xfffefeff, sa_flags=0x00000042
SIGPIPE: [libjvm.dylib+0x41deaa], sa_mask[0]=0xfffefeff, sa_flags=0x00000042
SIGXFSZ: [libjvm.dylib+0x41deaa], sa_mask[0]=0xfffefeff, sa_flags=0x00000042
SIGILL: [libjvm.dylib+0x41deaa], sa_mask[0]=0xfffefeff, sa_flags=0x00000042
SIGUSR1: SIG_DFL, sa_mask[0]=0x63807efb, sa_flags=0x00000000
SIGUSR2: [libjvm.dylib+0x41d99c], sa_mask[0]=0x00000004, sa_flags=0x00000042
SIGHUP: [libjvm.dylib+0x41bc2d], sa_mask[0]=0xfffefeff, sa_flags=0x00000042
SIGINT: [libjvm.dylib+0x41bc2d], sa_mask[0]=0xfffefeff, sa_flags=0x00000042
SIGTERM: [libjvm.dylib+0x41bc2d], sa_mask[0]=0xfffefeff, sa_flags=0x00000042
SIGQUIT: [libjvm.dylib+0x41bc2d], sa_mask[0]=0xfffefeff, sa_flags=0x00000042


---------------  S Y S T E M  ---------------

OS:Bsduname:Darwin 13.2.0 Darwin Kernel Version 13.2.0: Thu Apr 17 23:03:13 PDT 2014; root:xnu-2422.100.13~1/RELEASE_X86_64 x86_64
rlimit: STACK 8192k, CORE 0k, NPROC 709, NOFILE 10240, AS infinity
load average:1.57 2.04 2.26

CPU:total 4 (2 cores per cpu, 2 threads per core) family 6 model 42 stepping 7, cmov, cx8, fxsr, mmx, sse, sse2, sse3, ssse3, sse4.1, sse4.2, popcnt, avx, aes, ht, tsc, tscinvbit

Memory: 4k page, physical 4194304k(1048576k free)

/proc/meminfo:


vm_info: Java HotSpot(TM) 64-Bit Server VM (24.65-b04) for bsd-amd64 JRE (1.7.0_65-b17), built on Jun 16 2014 20:31:25 by "java_re" with gcc 4.2.1 (Based on Apple Inc. build 5658) (LLVM build 2336.11.00)

time: Mon Aug  4 22:20:43 2014
elapsed time: 5215 seconds

